# JRE version: Java(TM) SE Runtime Environment (17.0.10+11) (build 17.0.10+11-LTS-240)
# Java VM: Java HotSpot(TM) 64-Bit Server VM (17.0.10+11-LTS-240, mixed mode, sharing, tiered, compressed oops, compressed class ptrs, g1 gc, windows-amd64)
GC Precious Log:
 CPUs: 8 total, 8 available
 Memory: 7934M
 Large Page Support: Disabled
 NUMA Support: Disabled
 Compressed Oops: Enabled (32-bit)
 Heap Region Size: 1M
 Heap Min Capacity: 8M
 Heap Initial Capacity: 124M
 Heap Max Capacity: 1984M
 Pre-touch: Disabled
 Parallel Workers: 8
 Concurrent Workers: 2
 Concurrent Refinement Workers: 8
 Periodic GC: Disabled
Heap:
 garbage-first heap   total 121856K, used 94195K [0x0000000084000000, 0x0000000100000000)
  region size 1024K, 26 young (26624K), 1 survivors (1024K)
 Metaspace       used 53426K, committed 53760K, reserved 1114112K
  class space    used 6307K, committed 6464K, reserved 1048576K
GC Heap History (20 events):
Event: 4.798 GC heap before
{Heap before GC invocations=6 (full 0):
 garbage-first heap   total 61440K, used 46944K [0x0000000084000000, 0x0000000100000000)
  region size 1024K, 22 young (22528K), 1 survivors (1024K)
 Metaspace       used 29780K, committed 30016K, reserved 1114112K
  class space    used 3862K, committed 3968K, reserved 1048576K
}
Event: 4.807 GC heap after
{Heap after GC invocations=7 (full 0):
 garbage-first heap   total 122880K, used 25600K [0x0000000084000000, 0x0000000100000000)
  region size 1024K, 3 young (3072K), 3 survivors (3072K)
 Metaspace       used 29780K, committed 30016K, reserved 1114112K
  class space    used 3862K, committed 3968K, reserved 1048576K
}
Event: 5.687 GC heap before
{Heap before GC invocations=7 (full 0):
 garbage-first heap   total 122880K, used 51200K [0x0000000084000000, 0x0000000100000000)
  region size 1024K, 29 young (29696K), 3 survivors (3072K)
 Metaspace       used 35707K, committed 35968K, reserved 1114112K
  class space    used 4409K, committed 4544K, reserved 1048576K
}
Event: 5.699 GC heap after
{Heap after GC invocations=8 (full 0):
 garbage-first heap   total 122880K, used 27896K [0x0000000084000000, 0x0000000100000000)
  region size 1024K, 6 young (6144K), 6 survivors (6144K)
 Metaspace       used 35707K, committed 35968K, reserved 1114112K
  class space    used 4409K, committed 4544K, reserved 1048576K
}
Event: 7.270 GC heap before
{Heap before GC invocations=9 (full 0):
 garbage-first heap   total 99328K, used 83192K [0x0000000084000000, 0x0000000100000000)
  region size 1024K, 58 young (59392K), 6 survivors (6144K)
 Metaspace       used 41957K, committed 42240K, reserved 1114112K
  class space    used 5098K, committed 5184K, reserved 1048576K
}
Event: 7.298 GC heap after
{Heap after GC invocations=10 (full 0):
 garbage-first heap   total 99328K, used 37634K [0x0000000084000000, 0x0000000100000000)
  region size 1024K, 8 young (8192K), 8 survivors (8192K)
 Metaspace       used 41957K, committed 42240K, reserved 1114112K
  class space    used 5098K, committed 5184K, reserved 1048576K
}
Event: 8.754 GC heap before
{Heap before GC invocations=10 (full 0):
 garbage-first heap   total 99328K, used 73474K [0x0000000084000000, 0x0000000100000000)
  region size 1024K, 43 young (44032K), 8 survivors (8192K)
 Metaspace       used 44804K, committed 45056K, reserved 1114112K
  class space    used 5353K, committed 5440K, reserved 1048576K
}
Event: 8.780 GC heap after
{Heap after GC invocations=11 (full 0):
 garbage-first heap   total 99328K, used 42945K [0x0000000084000000, 0x0000000100000000)
  region size 1024K, 5 young (5120K), 5 survivors (5120K)
 Metaspace       used 44804K, committed 45056K, reserved 1114112K
  class space    used 5353K, committed 5440K, reserved 1048576K
}
Event: 11.828 GC heap before
{Heap before GC invocations=11 (full 0):
 garbage-first heap   total 99328K, used 75713K [0x0000000084000000, 0x0000000100000000)
  region size 1024K, 37 young (37888K), 5 survivors (5120K)
 Metaspace       used 50932K, committed 51264K, reserved 1114112K
  class space    used 6063K, committed 6272K, reserved 1048576K
}
Event: 11.853 GC heap after
{Heap after GC invocations=12 (full 0):
 garbage-first heap   total 99328K, used 47741K [0x0000000084000000, 0x0000000100000000)
  region size 1024K, 5 young (5120K), 5 survivors (5120K)
 Metaspace       used 50932K, committed 51264K, reserved 1114112K
  class space    used 6063K, committed 6272K, reserved 1048576K
}
Event: 12.790 GC heap before
{Heap before GC invocations=12 (full 0):
 garbage-first heap   total 99328K, used 76413K [0x0000000084000000, 0x0000000100000000)
  region size 1024K, 33 young (33792K), 5 survivors (5120K)
 Metaspace       used 51323K, committed 51648K, reserved 1114112K
  class space    used 6073K, committed 6272K, reserved 1048576K
}
Event: 12.818 GC heap after
{Heap after GC invocations=13 (full 0):
 garbage-first heap   total 99328K, used 52714K [0x0000000084000000, 0x0000000100000000)
  region size 1024K, 5 young (5120K), 5 survivors (5120K)
 Metaspace       used 51323K, committed 51648K, reserved 1114112K
  class space    used 6073K, committed 6272K, reserved 1048576K
}
Event: 13.453 GC heap before
{Heap before GC invocations=13 (full 0):
 garbage-first heap   total 99328K, used 77290K [0x0000000084000000, 0x0000000100000000)
  region size 1024K, 29 young (29696K), 5 survivors (5120K)
 Metaspace       used 51949K, committed 52288K, reserved 1114112K
  class space    used 6160K, committed 6336K, reserved 1048576K
}
Event: 13.483 GC heap after
{Heap after GC invocations=14 (full 0):
 garbage-first heap   total 119808K, used 57263K [0x0000000084000000, 0x0000000100000000)
  region size 1024K, 4 young (4096K), 4 survivors (4096K)
 Metaspace       used 51949K, committed 52288K, reserved 1114112K
  class space    used 6160K, committed 6336K, reserved 1048576K
}
Event: 14.502 GC heap before
{Heap before GC invocations=15 (full 0):
 garbage-first heap   total 119808K, used 92079K [0x0000000084000000, 0x0000000100000000)
  region size 1024K, 38 young (38912K), 4 survivors (4096K)
 Metaspace       used 52057K, committed 52416K, reserved 1114112K
  class space    used 6166K, committed 6336K, reserved 1048576K
}
Event: 14.528 GC heap after
{Heap after GC invocations=16 (full 0):
 garbage-first heap   total 119808K, used 63468K [0x0000000084000000, 0x0000000100000000)
  region size 1024K, 5 young (5120K), 5 survivors (5120K)
 Metaspace       used 52057K, committed 52416K, reserved 1114112K
  class space    used 6166K, committed 6336K, reserved 1048576K
}
Event: 15.177 GC heap before
{Heap before GC invocations=16 (full 0):
 garbage-first heap   total 119808K, used 93164K [0x0000000084000000, 0x0000000100000000)
  region size 1024K, 34 young (34816K), 5 survivors (5120K)
 Metaspace       used 52287K, committed 52608K, reserved 1114112K
  class space    used 6185K, committed 6336K, reserved 1048576K
}
Event: 15.206 GC heap after
{Heap after GC invocations=17 (full 0):
 garbage-first heap   total 119808K, used 68072K [0x0000000084000000, 0x0000000100000000)
  region size 1024K, 4 young (4096K), 4 survivors (4096K)
 Metaspace       used 52287K, committed 52608K, reserved 1114112K
  class space    used 6185K, committed 6336K, reserved 1048576K
}
Event: 15.649 GC heap before
{Heap before GC invocations=18 (full 0):
 garbage-first heap   total 121856K, used 94696K [0x0000000084000000, 0x0000000100000000)
  region size 1024K, 30 young (30720K), 4 survivors (4096K)
 Metaspace       used 53085K, committed 53440K, reserved 1114112K
  class space    used 6273K, committed 6464K, reserved 1048576K
}
Event: 15.661 GC heap after
{Heap after GC invocations=19 (full 0):
 garbage-first heap   total 121856K, used 69619K [0x0000000084000000, 0x0000000100000000)
  region size 1024K, 1 young (1024K), 1 survivors (1024K)
 Metaspace       used 53085K, committed 53440K, reserved 1114112K
  class space    used 6273K, committed 6464K, reserved 1048576K
}

