# JRE version: Java(TM) SE Runtime Environment (17.0.10+11) (build 17.0.10+11-LTS-240)
# Java VM: Java HotSpot(TM) 64-Bit Server VM (17.0.10+11-LTS-240, mixed mode, sharing, tiered, compressed oops, compressed class ptrs, g1 gc, windows-amd64)
GC Precious Log:
 CPUs: 8 total, 8 available
 Memory: 7934M
 Large Page Support: Disabled
 NUMA Support: Disabled
 Compressed Oops: Enabled (32-bit)
 Heap Region Size: 1M
 Heap Min Capacity: 8M
 Heap Initial Capacity: 124M
 Heap Max Capacity: 1984M
 Pre-touch: Disabled
 Parallel Workers: 8
 Concurrent Workers: 2
 Concurrent Refinement Workers: 8
 Periodic GC: Disabled
Heap:
 garbage-first heap   total 147456K, used 95367K [0x0000000084000000, 0x0000000100000000)
  region size 1024K, 65 young (66560K), 3 survivors (3072K)
 Metaspace       used 48609K, committed 48896K, reserved 1114112K
  class space    used 6031K, committed 6208K, reserved 1048576K
GC Heap History (18 events):
Event: 1.521 GC heap before
{Heap before GC invocations=0 (full 0):
 garbage-first heap   total 126976K, used 27648K [0x0000000084000000, 0x0000000100000000)
  region size 1024K, 23 young (23552K), 0 survivors (0K)
 Metaspace       used 6561K, committed 6720K, reserved 1114112K
  class space    used 661K, committed 768K, reserved 1048576K
}
Event: 1.531 GC heap after
{Heap after GC invocations=1 (full 0):
 garbage-first heap   total 126976K, used 7040K [0x0000000084000000, 0x0000000100000000)
  region size 1024K, 3 young (3072K), 3 survivors (3072K)
 Metaspace       used 6561K, committed 6720K, reserved 1114112K
  class space    used 661K, committed 768K, reserved 1048576K
}
Event: 3.066 GC heap before
{Heap before GC invocations=1 (full 0):
 garbage-first heap   total 126976K, used 40832K [0x0000000084000000, 0x0000000100000000)
  region size 1024K, 36 young (36864K), 3 survivors (3072K)
 Metaspace       used 14106K, committed 14336K, reserved 1114112K
  class space    used 1612K, committed 1728K, reserved 1048576K
}
Event: 3.081 GC heap after
{Heap after GC invocations=2 (full 0):
 garbage-first heap   total 126976K, used 10463K [0x0000000084000000, 0x0000000100000000)
  region size 1024K, 4 young (4096K), 4 survivors (4096K)
 Metaspace       used 14106K, committed 14336K, reserved 1114112K
  class space    used 1612K, committed 1728K, reserved 1048576K
}
Event: 4.236 GC heap before
{Heap before GC invocations=2 (full 0):
 garbage-first heap   total 126976K, used 39135K [0x0000000084000000, 0x0000000100000000)
  region size 1024K, 29 young (29696K), 4 survivors (4096K)
 Metaspace       used 21285K, committed 21504K, reserved 1114112K
  class space    used 2783K, committed 2880K, reserved 1048576K
}
Event: 4.248 GC heap after
{Heap after GC invocations=3 (full 0):
 garbage-first heap   total 126976K, used 16665K [0x0000000084000000, 0x0000000100000000)
  region size 1024K, 6 young (6144K), 6 survivors (6144K)
 Metaspace       used 21285K, committed 21504K, reserved 1114112K
  class space    used 2783K, committed 2880K, reserved 1048576K
}
Event: 5.231 GC heap before
{Heap before GC invocations=4 (full 0):
 garbage-first heap   total 65536K, used 51481K [0x0000000084000000, 0x0000000100000000)
  region size 1024K, 38 young (38912K), 6 survivors (6144K)
 Metaspace       used 26318K, committed 26560K, reserved 1114112K
  class space    used 3547K, committed 3648K, reserved 1048576K
}
Event: 5.261 GC heap after
{Heap after GC invocations=5 (full 0):
 garbage-first heap   total 65536K, used 24246K [0x0000000084000000, 0x0000000100000000)
  region size 1024K, 5 young (5120K), 5 survivors (5120K)
 Metaspace       used 26318K, committed 26560K, reserved 1114112K
  class space    used 3547K, committed 3648K, reserved 1048576K
}
Event: 5.280 GC heap before
{Heap before GC invocations=5 (full 0):
 garbage-first heap   total 65536K, used 25270K [0x0000000084000000, 0x0000000100000000)
  region size 1024K, 6 young (6144K), 5 survivors (5120K)
 Metaspace       used 26355K, committed 26624K, reserved 1114112K
  class space    used 3549K, committed 3648K, reserved 1048576K
}
Event: 5.294 GC heap after
{Heap after GC invocations=6 (full 0):
 garbage-first heap   total 65536K, used 25481K [0x0000000084000000, 0x0000000100000000)
  region size 1024K, 1 young (1024K), 1 survivors (1024K)
 Metaspace       used 26355K, committed 26624K, reserved 1114112K
  class space    used 3549K, committed 3648K, reserved 1048576K
}
Event: 5.898 GC heap before
{Heap before GC invocations=6 (full 0):
 garbage-first heap   total 65536K, used 48009K [0x0000000084000000, 0x0000000100000000)
  region size 1024K, 24 young (24576K), 1 survivors (1024K)
 Metaspace       used 30825K, committed 31040K, reserved 1114112K
  class space    used 3966K, committed 4032K, reserved 1048576K
}
Event: 5.908 GC heap after
{Heap after GC invocations=7 (full 0):
 garbage-first heap   total 65536K, used 25442K [0x0000000084000000, 0x0000000100000000)
  region size 1024K, 3 young (3072K), 3 survivors (3072K)
 Metaspace       used 30825K, committed 31040K, reserved 1114112K
  class space    used 3966K, committed 4032K, reserved 1048576K
}
Event: 6.824 GC heap before
{Heap before GC invocations=8 (full 0):
 garbage-first heap   total 65536K, used 48994K [0x0000000084000000, 0x0000000100000000)
  region size 1024K, 26 young (26624K), 3 survivors (3072K)
 Metaspace       used 36465K, committed 36736K, reserved 1114112K
  class space    used 4550K, committed 4672K, reserved 1048576K
}
Event: 6.835 GC heap after
{Heap after GC invocations=9 (full 0):
 garbage-first heap   total 65536K, used 27838K [0x0000000084000000, 0x0000000100000000)
  region size 1024K, 3 young (3072K), 3 survivors (3072K)
 Metaspace       used 36465K, committed 36736K, reserved 1114112K
  class space    used 4550K, committed 4672K, reserved 1048576K
}
Event: 6.871 GC heap before
{Heap before GC invocations=9 (full 0):
 garbage-first heap   total 65536K, used 28862K [0x0000000084000000, 0x0000000100000000)
  region size 1024K, 4 young (4096K), 3 survivors (3072K)
 Metaspace       used 36625K, committed 36864K, reserved 1114112K
  class space    used 4565K, committed 4672K, reserved 1048576K
}
Event: 6.879 GC heap after
{Heap after GC invocations=10 (full 0):
 garbage-first heap   total 65536K, used 27933K [0x0000000084000000, 0x0000000100000000)
  region size 1024K, 1 young (1024K), 1 survivors (1024K)
 Metaspace       used 36625K, committed 36864K, reserved 1114112K
  class space    used 4565K, committed 4672K, reserved 1048576K
}
Event: 7.961 GC heap before
{Heap before GC invocations=10 (full 0):
 garbage-first heap   total 65536K, used 50461K [0x0000000084000000, 0x0000000100000000)
  region size 1024K, 22 young (22528K), 1 survivors (1024K)
 Metaspace       used 42371K, committed 42624K, reserved 1114112K
  class space    used 5256K, committed 5376K, reserved 1048576K
}
Event: 7.969 GC heap after
{Heap after GC invocations=11 (full 0):
 garbage-first heap   total 147456K, used 31879K [0x0000000084000000, 0x0000000100000000)
  region size 1024K, 3 young (3072K), 3 survivors (3072K)
 Metaspace       used 42371K, committed 42624K, reserved 1114112K
  class space    used 5256K, committed 5376K, reserved 1048576K
}

