# JRE version: Java(TM) SE Runtime Environment (17.0.10+11) (build 17.0.10+11-LTS-240)
# Java VM: Java HotSpot(TM) 64-Bit Server VM (17.0.10+11-LTS-240, mixed mode, sharing, tiered, compressed oops, compressed class ptrs, g1 gc, windows-amd64)
GC Precious Log:
 CPUs: 8 total, 8 available
 Memory: 7934M
 Large Page Support: Disabled
 NUMA Support: Disabled
 Compressed Oops: Enabled (32-bit)
 Heap Region Size: 1M
 Heap Min Capacity: 8M
 Heap Initial Capacity: 124M
 Heap Max Capacity: 2G
 Pre-touch: Disabled
 Parallel Workers: 8
 Concurrent Workers: 2
 Concurrent Refinement Workers: 8
 Periodic GC: Disabled
Heap:
 garbage-first heap   total 178176K, used 109792K [0x0000000080000000, 0x0000000100000000)
  region size 1024K, 19 young (19456K), 1 survivors (1024K)
 Metaspace       used 78702K, committed 79488K, reserved 557056K
  class space    used 10974K, committed 11328K, reserved 425984K
GC Heap History (20 events):
Event: 22.870 GC heap before
{Heap before GC invocations=36 (full 0):
 garbage-first heap   total 135168K, used 84302K [0x0000000080000000, 0x0000000100000000)
  region size 1024K, 6 young (6144K), 3 survivors (3072K)
 Metaspace       used 66008K, committed 66688K, reserved 491520K
  class space    used 9365K, committed 9664K, reserved 425984K
}
Event: 22.872 GC heap after
{Heap after GC invocations=37 (full 0):
 garbage-first heap   total 135168K, used 81193K [0x0000000080000000, 0x0000000100000000)
  region size 1024K, 1 young (1024K), 1 survivors (1024K)
 Metaspace       used 66008K, committed 66688K, reserved 491520K
  class space    used 9365K, committed 9664K, reserved 425984K
}
Event: 23.160 GC heap before
{Heap before GC invocations=37 (full 0):
 garbage-first heap   total 135168K, used 98601K [0x0000000080000000, 0x0000000100000000)
  region size 1024K, 19 young (19456K), 1 survivors (1024K)
 Metaspace       used 67613K, committed 68288K, reserved 491520K
  class space    used 9531K, committed 9856K, reserved 425984K
}
Event: 23.164 GC heap after
{Heap after GC invocations=38 (full 0):
 garbage-first heap   total 135168K, used 81738K [0x0000000080000000, 0x0000000100000000)
  region size 1024K, 1 young (1024K), 1 survivors (1024K)
 Metaspace       used 67613K, committed 68288K, reserved 491520K
  class space    used 9531K, committed 9856K, reserved 425984K
}
Event: 23.489 GC heap before
{Heap before GC invocations=39 (full 0):
 garbage-first heap   total 147456K, used 102218K [0x0000000080000000, 0x0000000100000000)
  region size 1024K, 21 young (21504K), 1 survivors (1024K)
 Metaspace       used 69180K, committed 69888K, reserved 491520K
  class space    used 9725K, committed 10048K, reserved 425984K
}
Event: 23.491 GC heap after
{Heap after GC invocations=40 (full 0):
 garbage-first heap   total 178176K, used 82222K [0x0000000080000000, 0x0000000100000000)
  region size 1024K, 2 young (2048K), 2 survivors (2048K)
 Metaspace       used 69180K, committed 69888K, reserved 491520K
  class space    used 9725K, committed 10048K, reserved 425984K
}
Event: 23.641 GC heap before
{Heap before GC invocations=40 (full 0):
 garbage-first heap   total 178176K, used 87342K [0x0000000080000000, 0x0000000100000000)
  region size 1024K, 8 young (8192K), 2 survivors (2048K)
 Metaspace       used 70617K, committed 71360K, reserved 491520K
  class space    used 9885K, committed 10240K, reserved 425984K
}
Event: 23.644 GC heap after
{Heap after GC invocations=41 (full 0):
 garbage-first heap   total 178176K, used 82758K [0x0000000080000000, 0x0000000100000000)
  region size 1024K, 1 young (1024K), 1 survivors (1024K)
 Metaspace       used 70617K, committed 71360K, reserved 491520K
  class space    used 9885K, committed 10240K, reserved 425984K
}
Event: 23.682 GC heap before
{Heap before GC invocations=41 (full 0):
 garbage-first heap   total 178176K, used 83782K [0x0000000080000000, 0x0000000100000000)
  region size 1024K, 3 young (3072K), 1 survivors (1024K)
 Metaspace       used 70668K, committed 71360K, reserved 491520K
  class space    used 9891K, committed 10240K, reserved 425984K
}
Event: 23.683 GC heap after
{Heap after GC invocations=42 (full 0):
 garbage-first heap   total 178176K, used 83520K [0x0000000080000000, 0x0000000100000000)
  region size 1024K, 2 young (2048K), 2 survivors (2048K)
 Metaspace       used 70668K, committed 71360K, reserved 491520K
  class space    used 9891K, committed 10240K, reserved 425984K
}
Event: 24.273 GC heap before
{Heap before GC invocations=43 (full 0):
 garbage-first heap   total 178176K, used 135744K [0x0000000080000000, 0x0000000100000000)
  region size 1024K, 47 young (48128K), 2 survivors (2048K)
 Metaspace       used 73064K, committed 73792K, reserved 491520K
  class space    used 10209K, committed 10560K, reserved 425984K
}
Event: 24.278 GC heap after
{Heap after GC invocations=44 (full 0):
 garbage-first heap   total 178176K, used 87177K [0x0000000080000000, 0x0000000100000000)
  region size 1024K, 6 young (6144K), 6 survivors (6144K)
 Metaspace       used 73064K, committed 73792K, reserved 491520K
  class space    used 10209K, committed 10560K, reserved 425984K
}
Event: 24.306 GC heap before
{Heap before GC invocations=44 (full 0):
 garbage-first heap   total 178176K, used 89225K [0x0000000080000000, 0x0000000100000000)
  region size 1024K, 8 young (8192K), 6 survivors (6144K)
 Metaspace       used 73208K, committed 73920K, reserved 491520K
  class space    used 10227K, committed 10560K, reserved 425984K
}
Event: 24.311 GC heap after
{Heap after GC invocations=45 (full 0):
 garbage-first heap   total 178176K, used 87199K [0x0000000080000000, 0x0000000100000000)
  region size 1024K, 1 young (1024K), 1 survivors (1024K)
 Metaspace       used 73208K, committed 73920K, reserved 491520K
  class space    used 10227K, committed 10560K, reserved 425984K
}
Event: 24.987 GC heap before
{Heap before GC invocations=45 (full 0):
 garbage-first heap   total 178176K, used 132255K [0x0000000080000000, 0x0000000100000000)
  region size 1024K, 45 young (46080K), 1 survivors (1024K)
 Metaspace       used 76526K, committed 77248K, reserved 557056K
  class space    used 10653K, committed 11008K, reserved 425984K
}
Event: 24.991 GC heap after
{Heap after GC invocations=46 (full 0):
 garbage-first heap   total 178176K, used 88926K [0x0000000080000000, 0x0000000100000000)
  region size 1024K, 3 young (3072K), 3 survivors (3072K)
 Metaspace       used 76526K, committed 77248K, reserved 557056K
  class space    used 10653K, committed 11008K, reserved 425984K
}
Event: 27.695 GC heap before
{Heap before GC invocations=47 (full 0):
 garbage-first heap   total 178176K, used 136030K [0x0000000080000000, 0x0000000100000000)
  region size 1024K, 49 young (50176K), 3 survivors (3072K)
 Metaspace       used 77294K, committed 78016K, reserved 557056K
  class space    used 10779K, committed 11136K, reserved 425984K
}
Event: 27.701 GC heap after
{Heap after GC invocations=48 (full 0):
 garbage-first heap   total 178176K, used 92208K [0x0000000080000000, 0x0000000100000000)
  region size 1024K, 6 young (6144K), 6 survivors (6144K)
 Metaspace       used 77294K, committed 78016K, reserved 557056K
  class space    used 10779K, committed 11136K, reserved 425984K
}
Event: 27.730 GC heap before
{Heap before GC invocations=48 (full 0):
 garbage-first heap   total 178176K, used 94256K [0x0000000080000000, 0x0000000100000000)
  region size 1024K, 8 young (8192K), 6 survivors (6144K)
 Metaspace       used 77480K, committed 78208K, reserved 557056K
  class space    used 10804K, committed 11136K, reserved 425984K
}
Event: 27.734 GC heap after
{Heap after GC invocations=49 (full 0):
 garbage-first heap   total 178176K, used 92384K [0x0000000080000000, 0x0000000100000000)
  region size 1024K, 1 young (1024K), 1 survivors (1024K)
 Metaspace       used 77480K, committed 78208K, reserved 557056K
  class space    used 10804K, committed 11136K, reserved 425984K
}

