# JRE version: Java(TM) SE Runtime Environment (17.0.10+11) (build 17.0.10+11-LTS-240)
# Java VM: Java HotSpot(TM) 64-Bit Server VM (17.0.10+11-LTS-240, mixed mode, sharing, tiered, compressed oops, compressed class ptrs, g1 gc, windows-amd64)
GC Precious Log:
 CPUs: 8 total, 8 available
 Memory: 7934M
 Large Page Support: Disabled
 NUMA Support: Disabled
 Compressed Oops: Enabled (32-bit)
 Heap Region Size: 1M
 Heap Min Capacity: 8M
 Heap Initial Capacity: 124M
 Heap Max Capacity: 1984M
 Pre-touch: Disabled
 Parallel Workers: 8
 Concurrent Workers: 2
 Concurrent Refinement Workers: 8
 Periodic GC: Disabled
Heap:
 garbage-first heap   total 89088K, used 63348K [0x0000000084000000, 0x0000000100000000)
  region size 1024K, 29 young (29696K), 4 survivors (4096K)
 Metaspace       used 43698K, committed 43904K, reserved 1114112K
  class space    used 5234K, committed 5312K, reserved 1048576K
GC Heap History (16 events):
Event: 1.476 GC heap before
{Heap before GC invocations=0 (full 0):
 garbage-first heap   total 126976K, used 27648K [0x0000000084000000, 0x0000000100000000)
  region size 1024K, 23 young (23552K), 0 survivors (0K)
 Metaspace       used 6565K, committed 6720K, reserved 1114112K
  class space    used 660K, committed 768K, reserved 1048576K
}
Event: 1.483 GC heap after
{Heap after GC invocations=1 (full 0):
 garbage-first heap   total 126976K, used 6912K [0x0000000084000000, 0x0000000100000000)
  region size 1024K, 3 young (3072K), 3 survivors (3072K)
 Metaspace       used 6565K, committed 6720K, reserved 1114112K
  class space    used 660K, committed 768K, reserved 1048576K
}
Event: 3.162 GC heap before
{Heap before GC invocations=1 (full 0):
 garbage-first heap   total 126976K, used 40704K [0x0000000084000000, 0x0000000100000000)
  region size 1024K, 36 young (36864K), 3 survivors (3072K)
 Metaspace       used 13852K, committed 14144K, reserved 1114112K
  class space    used 1581K, committed 1728K, reserved 1048576K
}
Event: 3.179 GC heap after
{Heap after GC invocations=2 (full 0):
 garbage-first heap   total 126976K, used 10300K [0x0000000084000000, 0x0000000100000000)
  region size 1024K, 4 young (4096K), 4 survivors (4096K)
 Metaspace       used 13852K, committed 14144K, reserved 1114112K
  class space    used 1581K, committed 1728K, reserved 1048576K
}
Event: 4.222 GC heap before
{Heap before GC invocations=2 (full 0):
 garbage-first heap   total 126976K, used 39996K [0x0000000084000000, 0x0000000100000000)
  region size 1024K, 30 young (30720K), 4 survivors (4096K)
 Metaspace       used 21303K, committed 21504K, reserved 1114112K
  class space    used 2785K, committed 2880K, reserved 1048576K
}
Event: 4.234 GC heap after
{Heap after GC invocations=3 (full 0):
 garbage-first heap   total 126976K, used 16671K [0x0000000084000000, 0x0000000100000000)
  region size 1024K, 6 young (6144K), 6 survivors (6144K)
 Metaspace       used 21303K, committed 21504K, reserved 1114112K
  class space    used 2785K, committed 2880K, reserved 1048576K
}
Event: 5.152 GC heap before
{Heap before GC invocations=4 (full 0):
 garbage-first heap   total 65536K, used 51487K [0x0000000084000000, 0x0000000100000000)
  region size 1024K, 38 young (38912K), 6 survivors (6144K)
 Metaspace       used 26043K, committed 26304K, reserved 1114112K
  class space    used 3484K, committed 3584K, reserved 1048576K
}
Event: 5.182 GC heap after
{Heap after GC invocations=5 (full 0):
 garbage-first heap   total 65536K, used 24284K [0x0000000084000000, 0x0000000100000000)
  region size 1024K, 5 young (5120K), 5 survivors (5120K)
 Metaspace       used 26043K, committed 26304K, reserved 1114112K
  class space    used 3484K, committed 3584K, reserved 1048576K
}
Event: 5.202 GC heap before
{Heap before GC invocations=5 (full 0):
 garbage-first heap   total 65536K, used 25308K [0x0000000084000000, 0x0000000100000000)
  region size 1024K, 6 young (6144K), 5 survivors (5120K)
 Metaspace       used 26296K, committed 26560K, reserved 1114112K
  class space    used 3514K, committed 3648K, reserved 1048576K
}
Event: 5.215 GC heap after
{Heap after GC invocations=6 (full 0):
 garbage-first heap   total 65536K, used 25449K [0x0000000084000000, 0x0000000100000000)
  region size 1024K, 1 young (1024K), 1 survivors (1024K)
 Metaspace       used 26296K, committed 26560K, reserved 1114112K
  class space    used 3514K, committed 3648K, reserved 1048576K
}
Event: 5.816 GC heap before
{Heap before GC invocations=6 (full 0):
 garbage-first heap   total 65536K, used 47977K [0x0000000084000000, 0x0000000100000000)
  region size 1024K, 24 young (24576K), 1 survivors (1024K)
 Metaspace       used 30470K, committed 30656K, reserved 1114112K
  class space    used 3933K, committed 4032K, reserved 1048576K
}
Event: 5.825 GC heap after
{Heap after GC invocations=7 (full 0):
 garbage-first heap   total 131072K, used 25460K [0x0000000084000000, 0x0000000100000000)
  region size 1024K, 3 young (3072K), 3 survivors (3072K)
 Metaspace       used 30470K, committed 30656K, reserved 1114112K
  class space    used 3933K, committed 4032K, reserved 1048576K
}
Event: 7.922 GC heap before
{Heap before GC invocations=8 (full 0):
 garbage-first heap   total 89088K, used 76660K [0x0000000084000000, 0x0000000100000000)
  region size 1024K, 52 young (53248K), 3 survivors (3072K)
 Metaspace       used 40115K, committed 40320K, reserved 1114112K
  class space    used 4922K, committed 4992K, reserved 1048576K
}
Event: 7.945 GC heap after
{Heap after GC invocations=9 (full 0):
 garbage-first heap   total 89088K, used 34578K [0x0000000084000000, 0x0000000100000000)
  region size 1024K, 7 young (7168K), 7 survivors (7168K)
 Metaspace       used 40115K, committed 40320K, reserved 1114112K
  class space    used 4922K, committed 4992K, reserved 1048576K
}
Event: 9.075 GC heap before
{Heap before GC invocations=9 (full 0):
 garbage-first heap   total 89088K, used 66322K [0x0000000084000000, 0x0000000100000000)
  region size 1024K, 37 young (37888K), 7 survivors (7168K)
 Metaspace       used 41928K, committed 42176K, reserved 1114112K
  class space    used 5100K, committed 5184K, reserved 1048576K
}
Event: 9.096 GC heap after
{Heap after GC invocations=10 (full 0):
 garbage-first heap   total 89088K, used 38772K [0x0000000084000000, 0x0000000100000000)
  region size 1024K, 4 young (4096K), 4 survivors (4096K)
 Metaspace       used 41928K, committed 42176K, reserved 1114112K
  class space    used 5100K, committed 5184K, reserved 1048576K
}

