# JRE version: Java(TM) SE Runtime Environment (17.0.10+11) (build 17.0.10+11-LTS-240)
# Java VM: Java HotSpot(TM) 64-Bit Server VM (17.0.10+11-LTS-240, mixed mode, sharing, tiered, compressed oops, compressed class ptrs, g1 gc, windows-amd64)
GC Precious Log:
 CPUs: 8 total, 8 available
 Memory: 7934M
 Large Page Support: Disabled
 NUMA Support: Disabled
 Compressed Oops: Enabled (32-bit)
 Heap Region Size: 1M
 Heap Min Capacity: 8M
 Heap Initial Capacity: 124M
 Heap Max Capacity: 1984M
 Pre-touch: Disabled
 Parallel Workers: 8
 Concurrent Workers: 2
 Concurrent Refinement Workers: 8
 Periodic GC: Disabled
Heap:
 garbage-first heap   total 244736K, used 99719K [0x0000000084000000, 0x0000000100000000)
  region size 1024K, 39 young (39936K), 1 survivors (1024K)
 Metaspace       used 67578K, committed 67968K, reserved 1114112K
  class space    used 7746K, committed 7936K, reserved 1048576K
GC Heap History (20 events):
Event: 9.955 GC heap before
{Heap before GC invocations=15 (full 0):
 garbage-first heap   total 73728K, used 57463K [0x0000000084000000, 0x0000000100000000)
  region size 1024K, 17 young (17408K), 3 survivors (3072K)
 Metaspace       used 51166K, committed 51456K, reserved 1114112K
  class space    used 6251K, committed 6400K, reserved 1048576K
}
Event: 9.970 GC heap after
{Heap after GC invocations=16 (full 0):
 garbage-first heap   total 73728K, used 45921K [0x0000000084000000, 0x0000000100000000)
  region size 1024K, 3 young (3072K), 3 survivors (3072K)
 Metaspace       used 51166K, committed 51456K, reserved 1114112K
  class space    used 6251K, committed 6400K, reserved 1048576K
}
Event: 10.298 GC heap before
{Heap before GC invocations=17 (full 0):
 garbage-first heap   total 81920K, used 58209K [0x0000000084000000, 0x0000000100000000)
  region size 1024K, 15 young (15360K), 3 survivors (3072K)
 Metaspace       used 51349K, committed 51648K, reserved 1114112K
  class space    used 6261K, committed 6400K, reserved 1048576K
}
Event: 10.312 GC heap after
{Heap after GC invocations=18 (full 0):
 garbage-first heap   total 81920K, used 48472K [0x0000000084000000, 0x0000000100000000)
  region size 1024K, 2 young (2048K), 2 survivors (2048K)
 Metaspace       used 51349K, committed 51648K, reserved 1114112K
  class space    used 6261K, committed 6400K, reserved 1048576K
}
Event: 10.694 GC heap before
{Heap before GC invocations=18 (full 0):
 garbage-first heap   total 81920K, used 64856K [0x0000000084000000, 0x0000000100000000)
  region size 1024K, 18 young (18432K), 2 survivors (2048K)
 Metaspace       used 51749K, committed 52032K, reserved 1114112K
  class space    used 6304K, committed 6464K, reserved 1048576K
}
Event: 10.707 GC heap after
{Heap after GC invocations=19 (full 0):
 garbage-first heap   total 100352K, used 51413K [0x0000000084000000, 0x0000000100000000)
  region size 1024K, 3 young (3072K), 3 survivors (3072K)
 Metaspace       used 51749K, committed 52032K, reserved 1114112K
  class space    used 6304K, committed 6464K, reserved 1048576K
}
Event: 11.436 GC heap before
{Heap before GC invocations=20 (full 0):
 garbage-first heap   total 100352K, used 75989K [0x0000000084000000, 0x0000000100000000)
  region size 1024K, 27 young (27648K), 3 survivors (3072K)
 Metaspace       used 53562K, committed 53888K, reserved 1114112K
  class space    used 6492K, committed 6656K, reserved 1048576K
}
Event: 11.450 GC heap after
{Heap after GC invocations=21 (full 0):
 garbage-first heap   total 100352K, used 53970K [0x0000000084000000, 0x0000000100000000)
  region size 1024K, 3 young (3072K), 3 survivors (3072K)
 Metaspace       used 53562K, committed 53888K, reserved 1114112K
  class space    used 6492K, committed 6656K, reserved 1048576K
}
Event: 12.734 GC heap before
{Heap before GC invocations=21 (full 0):
 garbage-first heap   total 100352K, used 77522K [0x0000000084000000, 0x0000000100000000)
  region size 1024K, 26 young (26624K), 3 survivors (3072K)
 Metaspace       used 56070K, committed 56384K, reserved 1114112K
  class space    used 6683K, committed 6848K, reserved 1048576K
}
Event: 12.748 GC heap after
{Heap after GC invocations=22 (full 0):
 garbage-first heap   total 100352K, used 56500K [0x0000000084000000, 0x0000000100000000)
  region size 1024K, 3 young (3072K), 3 survivors (3072K)
 Metaspace       used 56070K, committed 56384K, reserved 1114112K
  class space    used 6683K, committed 6848K, reserved 1048576K
}
Event: 14.295 GC heap before
{Heap before GC invocations=23 (full 0):
 garbage-first heap   total 100352K, used 79028K [0x0000000084000000, 0x0000000100000000)
  region size 1024K, 25 young (25600K), 3 survivors (3072K)
 Metaspace       used 57381K, committed 57728K, reserved 1114112K
  class space    used 6739K, committed 6912K, reserved 1048576K
}
Event: 14.312 GC heap after
{Heap after GC invocations=24 (full 0):
 garbage-first heap   total 100352K, used 59391K [0x0000000084000000, 0x0000000100000000)
  region size 1024K, 3 young (3072K), 3 survivors (3072K)
 Metaspace       used 57381K, committed 57728K, reserved 1114112K
  class space    used 6739K, committed 6912K, reserved 1048576K
}
Event: 14.318 GC heap before
{Heap before GC invocations=24 (full 0):
 garbage-first heap   total 100352K, used 60415K [0x0000000084000000, 0x0000000100000000)
  region size 1024K, 4 young (4096K), 3 survivors (3072K)
 Metaspace       used 57382K, committed 57728K, reserved 1114112K
  class space    used 6739K, committed 6912K, reserved 1048576K
}
Event: 14.328 GC heap after
{Heap after GC invocations=25 (full 0):
 garbage-first heap   total 100352K, used 60166K [0x0000000084000000, 0x0000000100000000)
  region size 1024K, 1 young (1024K), 1 survivors (1024K)
 Metaspace       used 57382K, committed 57728K, reserved 1114112K
  class space    used 6739K, committed 6912K, reserved 1048576K
}
Event: 15.564 GC heap before
{Heap before GC invocations=25 (full 0):
 garbage-first heap   total 100352K, used 80646K [0x0000000084000000, 0x0000000100000000)
  region size 1024K, 21 young (21504K), 1 survivors (1024K)
 Metaspace       used 58488K, committed 58816K, reserved 1114112K
  class space    used 6830K, committed 6976K, reserved 1048576K
}
Event: 15.573 GC heap after
{Heap after GC invocations=26 (full 0):
 garbage-first heap   total 100352K, used 60859K [0x0000000084000000, 0x0000000100000000)
  region size 1024K, 3 young (3072K), 3 survivors (3072K)
 Metaspace       used 58488K, committed 58816K, reserved 1114112K
  class space    used 6830K, committed 6976K, reserved 1048576K
}
Event: 16.380 GC heap before
{Heap before GC invocations=27 (full 0):
 garbage-first heap   total 107520K, used 80315K [0x0000000084000000, 0x0000000100000000)
  region size 1024K, 22 young (22528K), 3 survivors (3072K)
 Metaspace       used 61445K, committed 61760K, reserved 1114112K
  class space    used 7125K, committed 7296K, reserved 1048576K
}
Event: 16.389 GC heap after
{Heap after GC invocations=28 (full 0):
 garbage-first heap   total 107520K, used 62122K [0x0000000084000000, 0x0000000100000000)
  region size 1024K, 2 young (2048K), 2 survivors (2048K)
 Metaspace       used 61445K, committed 61760K, reserved 1114112K
  class space    used 7125K, committed 7296K, reserved 1048576K
}
Event: 16.475 GC heap before
{Heap before GC invocations=28 (full 0):
 garbage-first heap   total 107520K, used 65194K [0x0000000084000000, 0x0000000100000000)
  region size 1024K, 5 young (5120K), 2 survivors (2048K)
 Metaspace       used 62254K, committed 62592K, reserved 1114112K
  class space    used 7199K, committed 7360K, reserved 1048576K
}
Event: 16.487 GC heap after
{Heap after GC invocations=29 (full 0):
 garbage-first heap   total 244736K, used 61831K [0x0000000084000000, 0x0000000100000000)
  region size 1024K, 1 young (1024K), 1 survivors (1024K)
 Metaspace       used 62254K, committed 62592K, reserved 1114112K
  class space    used 7199K, committed 7360K, reserved 1048576K
}

