# JRE version: Java(TM) SE Runtime Environment (17.0.10+11) (build 17.0.10+11-LTS-240)
# Java VM: Java HotSpot(TM) 64-Bit Server VM (17.0.10+11-LTS-240, mixed mode, sharing, tiered, compressed oops, compressed class ptrs, g1 gc, windows-amd64)
GC Precious Log:
 CPUs: 8 total, 8 available
 Memory: 7934M
 Large Page Support: Disabled
 NUMA Support: Disabled
 Compressed Oops: Enabled (32-bit)
 Heap Region Size: 1M
 Heap Min Capacity: 8M
 Heap Initial Capacity: 124M
 Heap Max Capacity: 1984M
 Pre-touch: Disabled
 Parallel Workers: 8
 Concurrent Workers: 2
 Concurrent Refinement Workers: 8
 Periodic GC: Disabled
Heap:
 garbage-first heap   total 122880K, used 62200K [0x0000000084000000, 0x0000000100000000)
  region size 1024K, 13 young (13312K), 5 survivors (5120K)
 Metaspace       used 51326K, committed 51648K, reserved 1114112K
  class space    used 6076K, committed 6272K, reserved 1048576K
GC Heap History (20 events):
Event: 2.732 GC heap before
{Heap before GC invocations=2 (full 0):
 garbage-first heap   total 126976K, used 39970K [0x0000000084000000, 0x0000000100000000)
  region size 1024K, 30 young (30720K), 4 survivors (4096K)
 Metaspace       used 21250K, committed 21504K, reserved 1114112K
  class space    used 2748K, committed 2880K, reserved 1048576K
}
Event: 2.742 GC heap after
{Heap after GC invocations=3 (full 0):
 garbage-first heap   total 126976K, used 16634K [0x0000000084000000, 0x0000000100000000)
  region size 1024K, 6 young (6144K), 6 survivors (6144K)
 Metaspace       used 21250K, committed 21504K, reserved 1114112K
  class space    used 2748K, committed 2880K, reserved 1048576K
}
Event: 4.175 GC heap before
{Heap before GC invocations=4 (full 0):
 garbage-first heap   total 61440K, used 49402K [0x0000000084000000, 0x0000000100000000)
  region size 1024K, 36 young (36864K), 6 survivors (6144K)
 Metaspace       used 25805K, committed 26048K, reserved 1114112K
  class space    used 3448K, committed 3584K, reserved 1048576K
}
Event: 4.203 GC heap after
{Heap after GC invocations=5 (full 0):
 garbage-first heap   total 61440K, used 24196K [0x0000000084000000, 0x0000000100000000)
  region size 1024K, 5 young (5120K), 5 survivors (5120K)
 Metaspace       used 25805K, committed 26048K, reserved 1114112K
  class space    used 3448K, committed 3584K, reserved 1048576K
}
Event: 4.242 GC heap before
{Heap before GC invocations=5 (full 0):
 garbage-first heap   total 61440K, used 25220K [0x0000000084000000, 0x0000000100000000)
  region size 1024K, 6 young (6144K), 5 survivors (5120K)
 Metaspace       used 25996K, committed 26240K, reserved 1114112K
  class space    used 3473K, committed 3584K, reserved 1048576K
}
Event: 4.254 GC heap after
{Heap after GC invocations=6 (full 0):
 garbage-first heap   total 61440K, used 26021K [0x0000000084000000, 0x0000000100000000)
  region size 1024K, 1 young (1024K), 1 survivors (1024K)
 Metaspace       used 25996K, committed 26240K, reserved 1114112K
  class space    used 3473K, committed 3584K, reserved 1048576K
}
Event: 4.882 GC heap before
{Heap before GC invocations=6 (full 0):
 garbage-first heap   total 61440K, used 46501K [0x0000000084000000, 0x0000000100000000)
  region size 1024K, 21 young (21504K), 1 survivors (1024K)
 Metaspace       used 29647K, committed 29888K, reserved 1114112K
  class space    used 3855K, committed 3968K, reserved 1048576K
}
Event: 4.891 GC heap after
{Heap after GC invocations=7 (full 0):
 garbage-first heap   total 61440K, used 25924K [0x0000000084000000, 0x0000000100000000)
  region size 1024K, 3 young (3072K), 3 survivors (3072K)
 Metaspace       used 29647K, committed 29888K, reserved 1114112K
  class space    used 3855K, committed 3968K, reserved 1048576K
}
Event: 5.437 GC heap before
{Heap before GC invocations=7 (full 0):
 garbage-first heap   total 61440K, used 45380K [0x0000000084000000, 0x0000000100000000)
  region size 1024K, 23 young (23552K), 3 survivors (3072K)
 Metaspace       used 33721K, committed 33920K, reserved 1114112K
  class space    used 4217K, committed 4288K, reserved 1048576K
}
Event: 5.446 GC heap after
{Heap after GC invocations=8 (full 0):
 garbage-first heap   total 108544K, used 27823K [0x0000000084000000, 0x0000000100000000)
  region size 1024K, 2 young (2048K), 2 survivors (2048K)
 Metaspace       used 33721K, committed 33920K, reserved 1114112K
  class space    used 4217K, committed 4288K, reserved 1048576K
}
Event: 5.788 GC heap before
{Heap before GC invocations=8 (full 0):
 garbage-first heap   total 108544K, used 34991K [0x0000000084000000, 0x0000000100000000)
  region size 1024K, 10 young (10240K), 2 survivors (2048K)
 Metaspace       used 35827K, committed 36096K, reserved 1114112K
  class space    used 4412K, committed 4544K, reserved 1048576K
}
Event: 5.796 GC heap after
{Heap after GC invocations=9 (full 0):
 garbage-first heap   total 108544K, used 28835K [0x0000000084000000, 0x0000000100000000)
  region size 1024K, 3 young (3072K), 3 survivors (3072K)
 Metaspace       used 35827K, committed 36096K, reserved 1114112K
  class space    used 4412K, committed 4544K, reserved 1048576K
}
Event: 7.459 GC heap before
{Heap before GC invocations=10 (full 0):
 garbage-first heap   total 102400K, used 85155K [0x0000000084000000, 0x0000000100000000)
  region size 1024K, 55 young (56320K), 3 survivors (3072K)
 Metaspace       used 41892K, committed 42112K, reserved 1114112K
  class space    used 5100K, committed 5184K, reserved 1048576K
}
Event: 7.481 GC heap after
{Heap after GC invocations=11 (full 0):
 garbage-first heap   total 102400K, used 38939K [0x0000000084000000, 0x0000000100000000)
  region size 1024K, 7 young (7168K), 7 survivors (7168K)
 Metaspace       used 41892K, committed 42112K, reserved 1114112K
  class space    used 5100K, committed 5184K, reserved 1048576K
}
Event: 8.596 GC heap before
{Heap before GC invocations=11 (full 0):
 garbage-first heap   total 102400K, used 75803K [0x0000000084000000, 0x0000000100000000)
  region size 1024K, 43 young (44032K), 7 survivors (7168K)
 Metaspace       used 45694K, committed 45952K, reserved 1114112K
  class space    used 5474K, committed 5568K, reserved 1048576K
}
Event: 8.622 GC heap after
{Heap after GC invocations=12 (full 0):
 garbage-first heap   total 102400K, used 44252K [0x0000000084000000, 0x0000000100000000)
  region size 1024K, 5 young (5120K), 5 survivors (5120K)
 Metaspace       used 45694K, committed 45952K, reserved 1114112K
  class space    used 5474K, committed 5568K, reserved 1048576K
}
Event: 10.839 GC heap before
{Heap before GC invocations=12 (full 0):
 garbage-first heap   total 102400K, used 78044K [0x0000000084000000, 0x0000000100000000)
  region size 1024K, 38 young (38912K), 5 survivors (5120K)
 Metaspace       used 51089K, committed 51456K, reserved 1114112K
  class space    used 6068K, committed 6272K, reserved 1048576K
}
Event: 10.866 GC heap after
{Heap after GC invocations=13 (full 0):
 garbage-first heap   total 102400K, used 49418K [0x0000000084000000, 0x0000000100000000)
  region size 1024K, 5 young (5120K), 5 survivors (5120K)
 Metaspace       used 51089K, committed 51456K, reserved 1114112K
  class space    used 6068K, committed 6272K, reserved 1048576K
}
Event: 11.385 GC heap before
{Heap before GC invocations=13 (full 0):
 garbage-first heap   total 102400K, used 78090K [0x0000000084000000, 0x0000000100000000)
  region size 1024K, 33 young (33792K), 5 survivors (5120K)
 Metaspace       used 51288K, committed 51648K, reserved 1114112K
  class space    used 6076K, committed 6272K, reserved 1048576K
}
Event: 11.412 GC heap after
{Heap after GC invocations=14 (full 0):
 garbage-first heap   total 122880K, used 55032K [0x0000000084000000, 0x0000000100000000)
  region size 1024K, 5 young (5120K), 5 survivors (5120K)
 Metaspace       used 51288K, committed 51648K, reserved 1114112K
  class space    used 6076K, committed 6272K, reserved 1048576K
}

