# JRE version: Java(TM) SE Runtime Environment (17.0.10+11) (build 17.0.10+11-LTS-240)
# Java VM: Java HotSpot(TM) 64-Bit Server VM (17.0.10+11-LTS-240, mixed mode, sharing, tiered, compressed oops, compressed class ptrs, g1 gc, windows-amd64)
GC Precious Log:
 CPUs: 8 total, 8 available
 Memory: 7934M
 Large Page Support: Disabled
 NUMA Support: Disabled
 Compressed Oops: Enabled (32-bit)
 Heap Region Size: 1M
 Heap Min Capacity: 8M
 Heap Initial Capacity: 124M
 Heap Max Capacity: 1984M
 Pre-touch: Disabled
 Parallel Workers: 8
 Concurrent Workers: 2
 Concurrent Refinement Workers: 8
 Periodic GC: Disabled
Heap:
 garbage-first heap   total 99328K, used 37529K [0x0000000084000000, 0x0000000100000000)
  region size 1024K, 11 young (11264K), 7 survivors (7168K)
 Metaspace       used 45235K, committed 45568K, reserved 1114112K
  class space    used 5654K, committed 5824K, reserved 1048576K
GC Heap History (18 events):
Event: 1.018 GC heap before
{Heap before GC invocations=0 (full 0):
 garbage-first heap   total 126976K, used 27648K [0x0000000084000000, 0x0000000100000000)
  region size 1024K, 23 young (23552K), 0 survivors (0K)
 Metaspace       used 6471K, committed 6656K, reserved 1114112K
  class space    used 653K, committed 768K, reserved 1048576K
}
Event: 1.023 GC heap after
{Heap after GC invocations=1 (full 0):
 garbage-first heap   total 126976K, used 7050K [0x0000000084000000, 0x0000000100000000)
  region size 1024K, 3 young (3072K), 3 survivors (3072K)
 Metaspace       used 6471K, committed 6656K, reserved 1114112K
  class space    used 653K, committed 768K, reserved 1048576K
}
Event: 2.131 GC heap before
{Heap before GC invocations=1 (full 0):
 garbage-first heap   total 126976K, used 39818K [0x0000000084000000, 0x0000000100000000)
  region size 1024K, 35 young (35840K), 3 survivors (3072K)
 Metaspace       used 13890K, committed 14144K, reserved 1114112K
  class space    used 1581K, committed 1728K, reserved 1048576K
}
Event: 2.144 GC heap after
{Heap after GC invocations=2 (full 0):
 garbage-first heap   total 126976K, used 10225K [0x0000000084000000, 0x0000000100000000)
  region size 1024K, 4 young (4096K), 4 survivors (4096K)
 Metaspace       used 13890K, committed 14144K, reserved 1114112K
  class space    used 1581K, committed 1728K, reserved 1048576K
}
Event: 3.156 GC heap before
{Heap before GC invocations=2 (full 0):
 garbage-first heap   total 126976K, used 39921K [0x0000000084000000, 0x0000000100000000)
  region size 1024K, 31 young (31744K), 4 survivors (4096K)
 Metaspace       used 21259K, committed 21504K, reserved 1114112K
  class space    used 2748K, committed 2880K, reserved 1048576K
}
Event: 3.168 GC heap after
{Heap after GC invocations=3 (full 0):
 garbage-first heap   total 126976K, used 16630K [0x0000000084000000, 0x0000000100000000)
  region size 1024K, 6 young (6144K), 6 survivors (6144K)
 Metaspace       used 21259K, committed 21504K, reserved 1114112K
  class space    used 2748K, committed 2880K, reserved 1048576K
}
Event: 4.669 GC heap before
{Heap before GC invocations=4 (full 0):
 garbage-first heap   total 61440K, used 49398K [0x0000000084000000, 0x0000000100000000)
  region size 1024K, 36 young (36864K), 6 survivors (6144K)
 Metaspace       used 26101K, committed 26368K, reserved 1114112K
  class space    used 3512K, committed 3648K, reserved 1048576K
}
Event: 4.696 GC heap after
{Heap after GC invocations=5 (full 0):
 garbage-first heap   total 61440K, used 23746K [0x0000000084000000, 0x0000000100000000)
  region size 1024K, 5 young (5120K), 5 survivors (5120K)
 Metaspace       used 26101K, committed 26368K, reserved 1114112K
  class space    used 3512K, committed 3648K, reserved 1048576K
}
Event: 4.725 GC heap before
{Heap before GC invocations=5 (full 0):
 garbage-first heap   total 61440K, used 24770K [0x0000000084000000, 0x0000000100000000)
  region size 1024K, 6 young (6144K), 5 survivors (5120K)
 Metaspace       used 26370K, committed 26624K, reserved 1114112K
  class space    used 3547K, committed 3648K, reserved 1048576K
}
Event: 4.737 GC heap after
{Heap after GC invocations=6 (full 0):
 garbage-first heap   total 61440K, used 25418K [0x0000000084000000, 0x0000000100000000)
  region size 1024K, 1 young (1024K), 1 survivors (1024K)
 Metaspace       used 26370K, committed 26624K, reserved 1114112K
  class space    used 3547K, committed 3648K, reserved 1048576K
}
Event: 5.286 GC heap before
{Heap before GC invocations=6 (full 0):
 garbage-first heap   total 61440K, used 45898K [0x0000000084000000, 0x0000000100000000)
  region size 1024K, 22 young (22528K), 1 survivors (1024K)
 Metaspace       used 30108K, committed 30400K, reserved 1114112K
  class space    used 3918K, committed 4032K, reserved 1048576K
}
Event: 5.294 GC heap after
{Heap after GC invocations=7 (full 0):
 garbage-first heap   total 61440K, used 25432K [0x0000000084000000, 0x0000000100000000)
  region size 1024K, 3 young (3072K), 3 survivors (3072K)
 Metaspace       used 30108K, committed 30400K, reserved 1114112K
  class space    used 3918K, committed 4032K, reserved 1048576K
}
Event: 5.769 GC heap before
{Heap before GC invocations=7 (full 0):
 garbage-first heap   total 61440K, used 44888K [0x0000000084000000, 0x0000000100000000)
  region size 1024K, 23 young (23552K), 3 survivors (3072K)
 Metaspace       used 34679K, committed 34944K, reserved 1114112K
  class space    used 4363K, committed 4480K, reserved 1048576K
}
Event: 5.779 GC heap after
{Heap after GC invocations=8 (full 0):
 garbage-first heap   total 120832K, used 27221K [0x0000000084000000, 0x0000000100000000)
  region size 1024K, 2 young (2048K), 2 survivors (2048K)
 Metaspace       used 34679K, committed 34944K, reserved 1114112K
  class space    used 4363K, committed 4480K, reserved 1048576K
}
Event: 5.964 GC heap before
{Heap before GC invocations=8 (full 0):
 garbage-first heap   total 120832K, used 30293K [0x0000000084000000, 0x0000000100000000)
  region size 1024K, 6 young (6144K), 2 survivors (2048K)
 Metaspace       used 35941K, committed 36096K, reserved 1114112K
  class space    used 4467K, committed 4544K, reserved 1048576K
}
Event: 5.971 GC heap after
{Heap after GC invocations=9 (full 0):
 garbage-first heap   total 120832K, used 27878K [0x0000000084000000, 0x0000000100000000)
  region size 1024K, 3 young (3072K), 3 survivors (3072K)
 Metaspace       used 35941K, committed 36096K, reserved 1114112K
  class space    used 4467K, committed 4544K, reserved 1048576K
}
Event: 7.489 GC heap before
{Heap before GC invocations=10 (full 0):
 garbage-first heap   total 99328K, used 85222K [0x0000000084000000, 0x0000000100000000)
  region size 1024K, 57 young (58368K), 3 survivors (3072K)
 Metaspace       used 44731K, committed 44992K, reserved 1114112K
  class space    used 5596K, committed 5696K, reserved 1048576K
}
Event: 7.503 GC heap after
{Heap after GC invocations=11 (full 0):
 garbage-first heap   total 99328K, used 34457K [0x0000000084000000, 0x0000000100000000)
  region size 1024K, 7 young (7168K), 7 survivors (7168K)
 Metaspace       used 44731K, committed 44992K, reserved 1114112K
  class space    used 5596K, committed 5696K, reserved 1048576K
}

